Сборка начата 08.02.2015 19:34:37.
     1>Проект "D:\GitLab\Лаб1 APPOO\Лаб1 APPOO\Лаб1 APPOO.vcxproj" в узле 2 (целевые объекты Build).
     1>ClCompile:
         C:\Program Files (x86)\Microsoft Visual Studio 12.0\VC\bin\CL.exe /c /ZI /nologo /W3 /WX- /sdl /Od /Oy- /D WIN32 /D _DEBUG /D _CONSOLE /D _LIB /D _UNICODE /D UNICODE /Gm /EHsc /RTC1 /MDd /GS /fp:precise /Zc:wchar_t /Zc:forScope /Fo"Debug\\" /Fd"Debug\vc120.pdb" /Gd /TP /analyze- /errorReport:prompt "Исходный код.cpp"
         Исходный код.cpp
     1>d:\gitlab\лаб1 appoo\лаб1 appoo\исходный код.cpp(16): error C2143: синтаксическая ошибка: отсутствие ";" перед "<<"
     1>d:\gitlab\лаб1 appoo\лаб1 appoo\исходный код.cpp(19): error C2143: синтаксическая ошибка: отсутствие ";" перед "=="
     1>d:\gitlab\лаб1 appoo\лаб1 appoo\исходный код.cpp(22): error C2143: синтаксическая ошибка: отсутствие ";" перед ">>"
     1>d:\gitlab\лаб1 appoo\лаб1 appoo\исходный код.cpp(26): error C2065: in: необъявленный идентификатор
     1>d:\gitlab\лаб1 appoo\лаб1 appoo\исходный код.cpp(27): error C2065: in: необъявленный идентификатор
     1>d:\gitlab\лаб1 appoo\лаб1 appoo\исходный код.cpp(27): error C2050: значение выражения для варианта выбора не является целым
     1>d:\gitlab\лаб1 appoo\лаб1 appoo\исходный код.cpp(29): error C2143: синтаксическая ошибка: отсутствие ";" перед "<<"
     1>d:\gitlab\лаб1 appoo\лаб1 appoo\исходный код.cpp(34): error C2143: синтаксическая ошибка: отсутствие ";" перед "{"
     1>d:\gitlab\лаб1 appoo\лаб1 appoo\исходный код.cpp(43): error C2143: синтаксическая ошибка: отсутствие ";" перед "<<"
     1>d:\gitlab\лаб1 appoo\лаб1 appoo\исходный код.cpp(48): error C2143: синтаксическая ошибка: отсутствие ";" перед "{"
     1>d:\gitlab\лаб1 appoo\лаб1 appoo\исходный код.cpp(55): error C2143: синтаксическая ошибка: отсутствие ";" перед "<<"
     1>d:\gitlab\лаб1 appoo\лаб1 appoo\исходный код.cpp(60): error C2143: синтаксическая ошибка: отсутствие ";" перед "{"
     1>d:\gitlab\лаб1 appoo\лаб1 appoo\исходный код.cpp(73): error C2143: синтаксическая ошибка: отсутствие ";" перед "<<"
     1>d:\gitlab\лаб1 appoo\лаб1 appoo\исходный код.cpp(78): error C2143: синтаксическая ошибка: отсутствие ";" перед "{"
     1>d:\gitlab\лаб1 appoo\лаб1 appoo\исходный код.cpp(82): error C2143: синтаксическая ошибка: отсутствие ";" перед "<<"
     1>d:\gitlab\лаб1 appoo\лаб1 appoo\исходный код.cpp(87): error C2143: синтаксическая ошибка: отсутствие ";" перед "{"
     1>d:\gitlab\лаб1 appoo\лаб1 appoo\исходный код.cpp(110): error C2143: синтаксическая ошибка: отсутствие ";" перед "<<"
     1>d:\gitlab\лаб1 appoo\лаб1 appoo\исходный код.cpp(115): error C2143: синтаксическая ошибка: отсутствие ";" перед "{"
     1>Сборка проекта "D:\GitLab\Лаб1 APPOO\Лаб1 APPOO\Лаб1 APPOO.vcxproj" завершена (целевые объекты Build) с ошибкой.

Ошибка сборки.

Затраченное время: 00:00:04.50
